# JRE version: OpenJDK Runtime Environment (12.0.1+12) (build 12.0.1+12)
# Java VM: OpenJDK 64-Bit Server VM (12.0.1+12, mixed mode, sharing, tiered, compressed oops, g1 gc, windows-amd64)
Heap:
 garbage-first heap   total 60416K, used 41447K [0x0000000082000000, 0x0000000100000000)
  region size 1024K, 13 young (13312K), 2 survivors (2048K)
 Metaspace       used 61679K, capacity 63222K, committed 63232K, reserved 1103872K
  class space    used 8088K, capacity 8702K, committed 8704K, reserved 1048576K
GC Heap History (10 events):
Event: 104.844 GC heap before
{Heap before GC invocations=30 (full 0):
 garbage-first heap   total 51200K, used 41223K [0x0000000082000000, 0x0000000100000000)
  region size 1024K, 14 young (14336K), 1 survivors (1024K)
 Metaspace       used 53941K, capacity 55424K, committed 55680K, reserved 1097728K
  class space    used 6945K, capacity 7515K, committed 7552K, reserved 1048576K
}
Event: 104.858 GC heap after
{Heap after GC invocations=31 (full 0):
 garbage-first heap   total 51200K, used 29379K [0x0000000082000000, 0x0000000100000000)
  region size 1024K, 2 young (2048K), 2 survivors (2048K)
 Metaspace       used 53941K, capacity 55424K, committed 55680K, reserved 1097728K
  class space    used 6945K, capacity 7515K, committed 7552K, reserved 1048576K
}
Event: 108.086 GC heap before
{Heap before GC invocations=32 (full 0):
 garbage-first heap   total 55296K, used 40643K [0x0000000082000000, 0x0000000100000000)
  region size 1024K, 14 young (14336K), 2 survivors (2048K)
 Metaspace       used 55583K, capacity 57023K, committed 57216K, reserved 1099776K
  class space    used 7182K, capacity 7749K, committed 7808K, reserved 1048576K
}
Event: 108.101 GC heap after
{Heap after GC invocations=33 (full 0):
 garbage-first heap   total 55296K, used 29883K [0x0000000082000000, 0x0000000100000000)
  region size 1024K, 2 young (2048K), 2 survivors (2048K)
 Metaspace       used 55583K, capacity 57023K, committed 57216K, reserved 1099776K
  class space    used 7182K, capacity 7749K, committed 7808K, reserved 1048576K
}
Event: 110.449 GC heap before
{Heap before GC invocations=33 (full 0):
 garbage-first heap   total 55296K, used 44219K [0x0000000082000000, 0x0000000100000000)
  region size 1024K, 16 young (16384K), 2 survivors (2048K)
 Metaspace       used 57820K, capacity 59319K, committed 59392K, reserved 1099776K
  class space    used 7544K, capacity 8128K, committed 8192K, reserved 1048576K
}
Event: 110.479 GC heap after
{Heap after GC invocations=34 (full 0):
 garbage-first heap   total 55296K, used 30241K [0x0000000082000000, 0x0000000100000000)
  region size 1024K, 2 young (2048K), 2 survivors (2048K)
 Metaspace       used 57820K, capacity 59319K, committed 59392K, reserved 1099776K
  class space    used 7544K, capacity 8128K, committed 8192K, reserved 1048576K
}
Event: 113.698 GC heap before
{Heap before GC invocations=35 (full 0):
 garbage-first heap   total 56320K, used 43553K [0x0000000082000000, 0x0000000100000000)
  region size 1024K, 15 young (15360K), 2 survivors (2048K)
 Metaspace       used 59211K, capacity 60691K, committed 60928K, reserved 1101824K
  class space    used 7747K, capacity 8326K, committed 8448K, reserved 1048576K
}
Event: 113.712 GC heap after
{Heap after GC invocations=36 (full 0):
 garbage-first heap   total 56320K, used 30752K [0x0000000082000000, 0x0000000100000000)
  region size 1024K, 2 young (2048K), 2 survivors (2048K)
 Metaspace       used 59211K, capacity 60691K, committed 60928K, reserved 1101824K
  class space    used 7747K, capacity 8326K, committed 8448K, reserved 1048576K
}
Event: 117.642 GC heap before
{Heap before GC invocations=36 (full 0):
 garbage-first heap   total 56320K, used 45088K [0x0000000082000000, 0x0000000100000000)
  region size 1024K, 16 young (16384K), 2 survivors (2048K)
 Metaspace       used 61039K, capacity 62600K, committed 62720K, reserved 1103872K
  class space    used 8006K, capacity 8622K, committed 8704K, reserved 1048576K
}
Event: 117.661 GC heap after
{Heap after GC invocations=37 (full 0):
 garbage-first heap   total 56320K, used 31207K [0x0000000082000000, 0x0000000100000000)
  region size 1024K, 2 young (2048K), 2 survivors (2048K)
 Metaspace       used 61039K, capacity 62600K, committed 62720K, reserved 1103872K
  class space    used 8006K, capacity 8622K, committed 8704K, reserved 1048576K
}

