# JRE version: OpenJDK Runtime Environment (12.0.1+12) (build 12.0.1+12)
# Java VM: OpenJDK 64-Bit Server VM (12.0.1+12, mixed mode, sharing, tiered, compressed oops, g1 gc, windows-amd64)
Heap:
 garbage-first heap   total 55296K, used 29504K [0x0000000082000000, 0x0000000100000000)
  region size 1024K, 3 young (3072K), 2 survivors (2048K)
 Metaspace       used 55119K, capacity 56567K, committed 56704K, reserved 1097728K
  class space    used 7133K, capacity 7682K, committed 7808K, reserved 1048576K
GC Heap History (10 events):
Event: 93.001 GC heap before
{Heap before GC invocations=27 (full 0):
 garbage-first heap   total 51200K, used 41270K [0x0000000082000000, 0x0000000100000000)
  region size 1024K, 17 young (17408K), 3 survivors (3072K)
 Metaspace       used 46974K, capacity 48369K, committed 48640K, reserved 1091584K
  class space    used 5812K, capacity 6355K, committed 6400K, reserved 1048576K
}
Event: 93.019 GC heap after
{Heap after GC invocations=28 (full 0):
 garbage-first heap   total 51200K, used 28010K [0x0000000082000000, 0x0000000100000000)
  region size 1024K, 1 young (1024K), 1 survivors (1024K)
 Metaspace       used 46974K, capacity 48369K, committed 48640K, reserved 1091584K
  class space    used 5812K, capacity 6355K, committed 6400K, reserved 1048576K
}
Event: 95.617 GC heap before
{Heap before GC invocations=29 (full 0):
 garbage-first heap   total 51200K, used 40298K [0x0000000082000000, 0x0000000100000000)
  region size 1024K, 14 young (14336K), 1 survivors (1024K)
 Metaspace       used 49017K, capacity 50389K, committed 50560K, reserved 1093632K
  class space    used 6165K, capacity 6709K, committed 6784K, reserved 1048576K
}
Event: 95.627 GC heap after
{Heap after GC invocations=30 (full 0):
 garbage-first heap   total 51200K, used 28266K [0x0000000082000000, 0x0000000100000000)
  region size 1024K, 2 young (2048K), 2 survivors (2048K)
 Metaspace       used 49017K, capacity 50389K, committed 50560K, reserved 1093632K
  class space    used 6165K, capacity 6709K, committed 6784K, reserved 1048576K
}
Event: 97.772 GC heap before
{Heap before GC invocations=30 (full 0):
 garbage-first heap   total 51200K, used 40554K [0x0000000082000000, 0x0000000100000000)
  region size 1024K, 14 young (14336K), 2 survivors (2048K)
 Metaspace       used 51123K, capacity 52558K, committed 52736K, reserved 1095680K
  class space    used 6558K, capacity 7111K, committed 7168K, reserved 1048576K
}
Event: 97.784 GC heap after
{Heap after GC invocations=31 (full 0):
 garbage-first heap   total 51200K, used 28576K [0x0000000082000000, 0x0000000100000000)
  region size 1024K, 1 young (1024K), 1 survivors (1024K)
 Metaspace       used 51123K, capacity 52558K, committed 52736K, reserved 1095680K
  class space    used 6558K, capacity 7111K, committed 7168K, reserved 1048576K
}
Event: 101.291 GC heap before
{Heap before GC invocations=32 (full 0):
 garbage-first heap   total 53248K, used 40864K [0x0000000082000000, 0x0000000100000000)
  region size 1024K, 13 young (13312K), 1 survivors (1024K)
 Metaspace       used 53231K, capacity 54676K, committed 54912K, reserved 1097728K
  class space    used 6861K, capacity 7433K, committed 7552K, reserved 1048576K
}
Event: 101.304 GC heap after
{Heap after GC invocations=33 (full 0):
 garbage-first heap   total 53248K, used 28999K [0x0000000082000000, 0x0000000100000000)
  region size 1024K, 2 young (2048K), 2 survivors (2048K)
 Metaspace       used 53231K, capacity 54676K, committed 54912K, reserved 1097728K
  class space    used 6861K, capacity 7433K, committed 7552K, reserved 1048576K
}
Event: 106.582 GC heap before
{Heap before GC invocations=33 (full 0):
 garbage-first heap   total 53248K, used 40263K [0x0000000082000000, 0x0000000100000000)
  region size 1024K, 14 young (14336K), 2 survivors (2048K)
 Metaspace       used 55047K, capacity 56497K, committed 56704K, reserved 1097728K
  class space    used 7121K, capacity 7681K, committed 7808K, reserved 1048576K
}
Event: 106.599 GC heap after
{Heap after GC invocations=34 (full 0):
 garbage-first heap   total 53248K, used 29504K [0x0000000082000000, 0x0000000100000000)
  region size 1024K, 2 young (2048K), 2 survivors (2048K)
 Metaspace       used 55047K, capacity 56497K, committed 56704K, reserved 1097728K
  class space    used 7121K, capacity 7681K, committed 7808K, reserved 1048576K
}

